Building DAG of jobs...
Using shell: /usr/bin/bash
Provided cluster nodes: 5
Job stats:
job                    count    min threads    max threads
-------------------  -------  -------------  -------------
all                        1              1              1
make_summary_report        1              1              1
renormalize                5              1              1
run_mnncorrect             5              1              1
total                     12              1              1

Select jobs to execute...

[Tue Oct 25 16:27:05 2022]
rule renormalize:
    input: /omics/odcf/analysis/OE0538_projects/DO-0008/data/sce_objects/06_mrge/sce_all-06
    output: /omics/odcf/analysis/OE0538_projects/DO-0008/data/sce_objects/07_rnrm/sce_all_Batch_exp_day-07, /omics/odcf/analysis/OE0538_projects/DO-0008/data/sce_objects/07_rnrm/hvg_all_Batch_exp_day-07
    jobid: 13
    wildcards: species=all
    resources: tmpdir=/tmp

Submitted job 13 with external jobid 'Job <16937755> is submitted to queue <verylong>.'.

[Tue Oct 25 16:27:05 2022]
rule make_summary_report:
    input: /omics/odcf/analysis/OE0538_projects/DO-0008/data/sce_objects/06_mrge, /omics/odcf/analysis/OE0538_projects/DO-0008/data/sce_objects/07_rnrm, /omics/odcf/analysis/OE0538_projects/DO-0008/data/sce_objects/08_mnncorrect
    output: /omics/odcf/analysis/OE0538_projects/DO-0008/data/sce_objects/reports/integration/integration_summary.html
    jobid: 16
    resources: tmpdir=/tmp

Submitted job 16 with external jobid 'Job <16937756> is submitted to queue <verylong>.'.

[Tue Oct 25 16:27:06 2022]
rule renormalize:
    input: /omics/odcf/analysis/OE0538_projects/DO-0008/data/sce_objects/06_mrge/sce_mcas-06
    output: /omics/odcf/analysis/OE0538_projects/DO-0008/data/sce_objects/07_rnrm/sce_mcas_Batch_exp_day-07, /omics/odcf/analysis/OE0538_projects/DO-0008/data/sce_objects/07_rnrm/hvg_mcas_Batch_exp_day-07
    jobid: 7
    wildcards: species=mcas
    resources: tmpdir=/tmp

Submitted job 7 with external jobid 'Job <16937757> is submitted to queue <verylong>.'.

[Tue Oct 25 16:27:06 2022]
rule renormalize:
    input: /omics/odcf/analysis/OE0538_projects/DO-0008/data/sce_objects/06_mrge/sce_mmus-06
    output: /omics/odcf/analysis/OE0538_projects/DO-0008/data/sce_objects/07_rnrm/sce_mmus_Batch_exp_day-07, /omics/odcf/analysis/OE0538_projects/DO-0008/data/sce_objects/07_rnrm/hvg_mmus_Batch_exp_day-07
    jobid: 9
    wildcards: species=mmus
    resources: tmpdir=/tmp

Submitted job 9 with external jobid 'Job <16937758> is submitted to queue <verylong>.'.

[Tue Oct 25 16:27:06 2022]
rule renormalize:
    input: /omics/odcf/analysis/OE0538_projects/DO-0008/data/sce_objects/06_mrge/sce_mspr-06
    output: /omics/odcf/analysis/OE0538_projects/DO-0008/data/sce_objects/07_rnrm/sce_mspr_Batch_exp_day-07, /omics/odcf/analysis/OE0538_projects/DO-0008/data/sce_objects/07_rnrm/hvg_mspr_Batch_exp_day-07
    jobid: 11
    wildcards: species=mspr
    resources: tmpdir=/tmp

Submitted job 11 with external jobid 'Job <16937759> is submitted to queue <verylong>.'.
[Tue Oct 25 16:32:44 2022]
Error in rule make_summary_report:
    jobid: 16
    output: /omics/odcf/analysis/OE0538_projects/DO-0008/data/sce_objects/reports/integration/integration_summary.html
    cluster_jobid: Job <16937756> is submitted to queue <verylong>.

Error executing rule make_summary_report on cluster (jobid: 16, external: Job <16937756> is submitted to queue <verylong>., jobscript: /home/l012t/repositories/Interspecies_BM_phd/code/03_integration/.snakemake/tmp.l9w3v6h2/snakejob.make_summary_report.16.sh). For error details see the cluster log and the log files of the involved rule(s).
[Tue Oct 25 16:32:45 2022]
Finished job 11.
1 of 12 steps (8%) done
[Tue Oct 25 16:35:15 2022]
Finished job 7.
2 of 12 steps (17%) done
[Tue Oct 25 16:36:55 2022]
Finished job 9.
3 of 12 steps (25%) done
[Tue Oct 25 16:39:25 2022]
Finished job 13.
4 of 12 steps (33%) done
Shutting down, this might take some time.
Exiting because a job execution failed. Look above for error message
Complete log: /home/l012t/repositories/Interspecies_BM_phd/code/03_integration/.snakemake/log/2022-10-25T162701.897828.snakemake.log
