Building DAG of jobs...
MissingInputException in line 97 of /home/l012t/repositories/Interspecies_BM_phd/code/03_integration/integration_snakefile:
Missing input files for rule merge_datasets_species:
sce_mcas_yng_str_3_0-04
sce_mcar_yng_hsc_3_0-04
sce_mspr_old_str_3_0-04
sce_mspr_old_str_1_0-04
sce_mcar_old_str_1_0-04
sce_mspr_old_hsc_4_0-04
sce_mcar_yng_str_2_1-04
sce_mspr_yng_str_3_2-04
sce_mmus_yng_str_2_0-04
sce_mcas_yng_hsc_4_0-04
sce_mmus_old_str_1_0-04
sce_mcas_old_hsc_2_0-04
sce_mcas_old_hsc_4_0-04
sce_mspr_old_hsc_5_0-04
sce_mspr_old_str_5_0-04
sce_mmus_yng_hsc_2_0-04
sce_mcar_yng_hsc_2_0-04
sce_mcas_old_str_1_0-04
sce_mcas_yng_str_6_0-04
sce_mmus_old_hsc_4_0-04
sce_mmus_old_str_2_0-04
sce_mcas_old_str_4_0-04
sce_mcas_old_hsc_3_0-04
sce_mcas_yng_hsc_2_0-04
sce_mcas_yng_hsc_6_0-04
sce_mcar_old_hsc_5_0-04
sce_mcas_old_str_3_0-04
sce_mspr_yng_hsc_3_0-04
sce_mcar_old_hsc_3_0-04
sce_mspr_old_hsc_1_0-04
sce_mcas_old_str_5_0-04
sce_mmus_yng_hsc_3_0-04
sce_mcar_yng_str_2_2-04
sce_mmus_yng_str_1_0-04
sce_mcar_yng_str_1_0-04
sce_mcar_old_str_2_0-04
sce_mmus_old_hsc_3_0-04
sce_mcar_yng_hsc_1_0-04
sce_mspr_yng_str_3_1-04
sce_mspr_old_str_4_0-04
sce_mspr_yng_hsc_2_0-04
sce_mcar_yng_str_2_3-04
sce_mcas_old_hsc_1_0-04
sce_mcar_old_hsc_2_0-04
sce_mspr_old_str_2_0-04
sce_mcar_old_hsc_4_0-04
sce_mcas_old_hsc_5_0-04
sce_mcar_old_str_3_1-04
sce_mmus_old_str_3_0-04
sce_mmus_yng_hsc_1_0-04
sce_mcar_old_hsc_1_0-04
sce_mcar_old_str_3_2-04
sce_mcas_yng_str_2_0-04
sce_mmus_old_hsc_1_0-04
sce_mspr_yng_str_1_0-04
sce_mcas_old_str_2_0-04
sce_mspr_old_hsc_3_0-04
sce_mspr_old_hsc_2_0-04
sce_mcas_yng_hsc_1_0-04
sce_mmus_old_hsc_2_0-04
sce_mcas_yng_hsc_5_0-04
sce_mmus_yng_str_3_0-04
sce_mcas_yng_hsc_3_0-04
sce_mcas_yng_str_1_0-04
