Building DAG of jobs...
Using shell: /usr/bin/bash
Provided cluster nodes: 5
Job stats:
job               count    min threads    max threads
--------------  -------  -------------  -------------
all                   1              1              1
renormalize           5              1              1
run_mnncorrect        5              1              1
total                11              1              1

Select jobs to execute...

[Tue Oct 25 14:46:52 2022]
rule renormalize:
    input: /omics/odcf/analysis/OE0538_projects/DO-0008/data/sce_objects/06_mrge/sce_all-06
    output: /omics/odcf/analysis/OE0538_projects/DO-0008/data/sce_objects/07_rnrm/sce_all-07, /omics/odcf/analysis/OE0538_projects/DO-0008/data/sce_objects/07_rnrm/hvg_all-07
    jobid: 13
    wildcards: species=all
    resources: tmpdir=/tmp

Submitted job 13 with external jobid 'Job <16937302> is submitted to queue <verylong>.'.

[Tue Oct 25 14:46:52 2022]
rule renormalize:
    input: /omics/odcf/analysis/OE0538_projects/DO-0008/data/sce_objects/06_mrge/sce_mcas-06
    output: /omics/odcf/analysis/OE0538_projects/DO-0008/data/sce_objects/07_rnrm/sce_mcas-07, /omics/odcf/analysis/OE0538_projects/DO-0008/data/sce_objects/07_rnrm/hvg_mcas-07
    jobid: 7
    wildcards: species=mcas
    resources: tmpdir=/tmp

Submitted job 7 with external jobid 'Job <16937303> is submitted to queue <verylong>.'.

[Tue Oct 25 14:46:52 2022]
rule renormalize:
    input: /omics/odcf/analysis/OE0538_projects/DO-0008/data/sce_objects/06_mrge/sce_mmus-06
    output: /omics/odcf/analysis/OE0538_projects/DO-0008/data/sce_objects/07_rnrm/sce_mmus-07, /omics/odcf/analysis/OE0538_projects/DO-0008/data/sce_objects/07_rnrm/hvg_mmus-07
    jobid: 9
    wildcards: species=mmus
    resources: tmpdir=/tmp

Submitted job 9 with external jobid 'Job <16937304> is submitted to queue <verylong>.'.

[Tue Oct 25 14:46:52 2022]
rule renormalize:
    input: /omics/odcf/analysis/OE0538_projects/DO-0008/data/sce_objects/06_mrge/sce_mspr-06
    output: /omics/odcf/analysis/OE0538_projects/DO-0008/data/sce_objects/07_rnrm/sce_mspr-07, /omics/odcf/analysis/OE0538_projects/DO-0008/data/sce_objects/07_rnrm/hvg_mspr-07
    jobid: 11
    wildcards: species=mspr
    resources: tmpdir=/tmp

Submitted job 11 with external jobid 'Job <16937305> is submitted to queue <verylong>.'.

[Tue Oct 25 14:46:53 2022]
rule renormalize:
    input: /omics/odcf/analysis/OE0538_projects/DO-0008/data/sce_objects/06_mrge/sce_mcar-06
    output: /omics/odcf/analysis/OE0538_projects/DO-0008/data/sce_objects/07_rnrm/sce_mcar-07, /omics/odcf/analysis/OE0538_projects/DO-0008/data/sce_objects/07_rnrm/hvg_mcar-07
    jobid: 5
    wildcards: species=mcar
    resources: tmpdir=/tmp

Submitted job 5 with external jobid 'Job <16937306> is submitted to queue <verylong>.'.
[Tue Oct 25 14:52:32 2022]
Finished job 11.
1 of 11 steps (9%) done
Select jobs to execute...

[Tue Oct 25 14:52:32 2022]
rule run_mnncorrect:
    input: /omics/odcf/analysis/OE0538_projects/DO-0008/data/sce_objects/07_rnrm/sce_mspr-07, /omics/odcf/analysis/OE0538_projects/DO-0008/data/sce_objects/07_rnrm/hvg_mspr-07
    output: /omics/odcf/analysis/OE0538_projects/DO-0008/data/sce_objects/08_mnncorrect/sce_mspr_correctedby_Batch_exp_day-08
    jobid: 12
    wildcards: species=mspr
    resources: tmpdir=/tmp

Submitted job 12 with external jobid 'Job <16937309> is submitted to queue <verylong>.'.
[Tue Oct 25 14:53:12 2022]
Error in rule run_mnncorrect:
    jobid: 12
    output: /omics/odcf/analysis/OE0538_projects/DO-0008/data/sce_objects/08_mnncorrect/sce_mspr_correctedby_Batch_exp_day-08
    cluster_jobid: Job <16937309> is submitted to queue <verylong>.

Error executing rule run_mnncorrect on cluster (jobid: 12, external: Job <16937309> is submitted to queue <verylong>., jobscript: /home/l012t/repositories/Interspecies_BM_phd/code/03_integration/.snakemake/tmp.lpb9lrnu/snakejob.run_mnncorrect.12.sh). For error details see the cluster log and the log files of the involved rule(s).
[Tue Oct 25 14:53:42 2022]
Finished job 7.
2 of 11 steps (18%) done
[Tue Oct 25 14:55:22 2022]
Finished job 9.
3 of 11 steps (27%) done
[Tue Oct 25 14:55:23 2022]
Finished job 5.
4 of 11 steps (36%) done
[Tue Oct 25 15:15:44 2022]
Finished job 13.
5 of 11 steps (45%) done
Shutting down, this might take some time.
Exiting because a job execution failed. Look above for error message
Complete log: /home/l012t/repositories/Interspecies_BM_phd/code/03_integration/.snakemake/log/2022-10-25T144649.932563.snakemake.log
