Building DAG of jobs...
Using shell: /usr/bin/bash
Provided cluster nodes: 4
Job stats:
job                    count    min threads    max threads
-------------------  -------  -------------  -------------
all                        1              1              1
make_summary_report        1              1              1
total                      2              1              1

Select jobs to execute...

[Tue Oct 25 17:11:27 2022]
rule make_summary_report:
    input: /omics/odcf/analysis/OE0538_projects/DO-0008/data/sce_objects/06_mrge, /omics/odcf/analysis/OE0538_projects/DO-0008/data/sce_objects/07_rnrm, /omics/odcf/analysis/OE0538_projects/DO-0008/data/sce_objects/08_mnncorrect
    output: /omics/odcf/analysis/OE0538_projects/DO-0008/data/sce_objects/reports/integration/integration_summary.html
    jobid: 16
    resources: tmpdir=/tmp

Submitted job 16 with external jobid 'Job <16938086> is submitted to queue <verylong>.'.
[Tue Oct 25 17:11:37 2022]
Error in rule make_summary_report:
    jobid: 16
    output: /omics/odcf/analysis/OE0538_projects/DO-0008/data/sce_objects/reports/integration/integration_summary.html
    cluster_jobid: Job <16938086> is submitted to queue <verylong>.

Error executing rule make_summary_report on cluster (jobid: 16, external: Job <16938086> is submitted to queue <verylong>., jobscript: /home/l012t/repositories/Interspecies_BM_phd/code/03_integration/.snakemake/tmp.tg6_786o/snakejob.make_summary_report.16.sh). For error details see the cluster log and the log files of the involved rule(s).
Shutting down, this might take some time.
Exiting because a job execution failed. Look above for error message
Complete log: /home/l012t/repositories/Interspecies_BM_phd/code/03_integration/.snakemake/log/2022-10-25T171124.657049.snakemake.log
