Building DAG of jobs...
MissingInputException in line 81 of /home/l012t/repositories/Interspecies_BM_phd/code/03_integration/integration_snakefile:
Missing input files for rule merge_datasets_species:
/omics/odcf/analysis/OE0538_projects/DO-0008/data/sce_objectssce_mcar_mcas_mcar_mmus-04
/omics/odcf/analysis/OE0538_projects/DO-0008/data/sce_objectssce_mcar_mcas_mcar_mcar-04
/omics/odcf/analysis/OE0538_projects/DO-0008/data/sce_objectssce_mcar_mspr_mspr_mcas-04
/omics/odcf/analysis/OE0538_projects/DO-0008/data/sce_objectssce_mcar_mcas_mcas_mcar-04
/omics/odcf/analysis/OE0538_projects/DO-0008/data/sce_objectssce_mcar_mcas_mcas_mmus-04
/omics/odcf/analysis/OE0538_projects/DO-0008/data/sce_objectssce_mcar_mcas_mcas_mcas-04
/omics/odcf/analysis/OE0538_projects/DO-0008/data/sce_objectssce_mcar_mmus_mspr_mspr-04
/omics/odcf/analysis/OE0538_projects/DO-0008/data/sce_objectssce_mcar_mcar_mcar_mspr-04
/omics/odcf/analysis/OE0538_projects/DO-0008/data/sce_objectssce_mcar_mcar_mmus_mcas-04
/omics/odcf/analysis/OE0538_projects/DO-0008/data/sce_objectssce_mcar_mspr_mmus_mcar-04
/omics/odcf/analysis/OE0538_projects/DO-0008/data/sce_objectssce_mcar_mcar_mcar_mcar-04
/omics/odcf/analysis/OE0538_projects/DO-0008/data/sce_objectssce_mcar_mcas_mspr_mspr-04
/omics/odcf/analysis/OE0538_projects/DO-0008/data/sce_objectssce_mcar_mcar_mcas_mspr-04
/omics/odcf/analysis/OE0538_projects/DO-0008/data/sce_objectssce_mcar_mmus_mspr_mmus-04
/omics/odcf/analysis/OE0538_projects/DO-0008/data/sce_objectssce_mcar_mcar_mspr_mmus-04
/omics/odcf/analysis/OE0538_projects/DO-0008/data/sce_objectssce_mcar_mcas_mspr_mcas-04
/omics/odcf/analysis/OE0538_projects/DO-0008/data/sce_objectssce_mcar_mspr_mcar_mspr-04
/omics/odcf/analysis/OE0538_projects/DO-0008/data/sce_objectssce_mcar_mcas_mspr_mcar-04
/omics/odcf/analysis/OE0538_projects/DO-0008/data/sce_objectssce_mcar_mcar_mmus_mspr-04
/omics/odcf/analysis/OE0538_projects/DO-0008/data/sce_objectssce_mcar_mspr_mmus_mmus-04
/omics/odcf/analysis/OE0538_projects/DO-0008/data/sce_objectssce_mcar_mcas_mmus_mcas-04
/omics/odcf/analysis/OE0538_projects/DO-0008/data/sce_objectssce_mcar_mcar_mcas_mmus-04
/omics/odcf/analysis/OE0538_projects/DO-0008/data/sce_objectssce_mcar_mcas_mmus_mcar-04
/omics/odcf/analysis/OE0538_projects/DO-0008/data/sce_objectssce_mcar_mmus_mcas_mspr-04
/omics/odcf/analysis/OE0538_projects/DO-0008/data/sce_objectssce_mcar_mspr_mcas_mcas-04
/omics/odcf/analysis/OE0538_projects/DO-0008/data/sce_objectssce_mcar_mspr_mspr_mcar-04
/omics/odcf/analysis/OE0538_projects/DO-0008/data/sce_objectssce_mcar_mcas_mcar_mcas-04
/omics/odcf/analysis/OE0538_projects/DO-0008/data/sce_objectssce_mcar_mmus_mcar_mmus-04
/omics/odcf/analysis/OE0538_projects/DO-0008/data/sce_objectssce_mcar_mcar_mspr_mcas-04
/omics/odcf/analysis/OE0538_projects/DO-0008/data/sce_objectssce_mcar_mcar_mspr_mspr-04
/omics/odcf/analysis/OE0538_projects/DO-0008/data/sce_objectssce_mcar_mspr_mcar_mcar-04
/omics/odcf/analysis/OE0538_projects/DO-0008/data/sce_objectssce_mcar_mspr_mspr_mmus-04
/omics/odcf/analysis/OE0538_projects/DO-0008/data/sce_objectssce_mcar_mmus_mcar_mcas-04
/omics/odcf/analysis/OE0538_projects/DO-0008/data/sce_objectssce_mcar_mcar_mcas_mcar-04
/omics/odcf/analysis/OE0538_projects/DO-0008/data/sce_objectssce_mcar_mmus_mcar_mspr-04
/omics/odcf/analysis/OE0538_projects/DO-0008/data/sce_objectssce_mcar_mcar_mmus_mmus-04
/omics/odcf/analysis/OE0538_projects/DO-0008/data/sce_objectssce_mcar_mcas_mcas_mspr-04
/omics/odcf/analysis/OE0538_projects/DO-0008/data/sce_objectssce_mcar_mmus_mmus_mspr-04
/omics/odcf/analysis/OE0538_projects/DO-0008/data/sce_objectssce_mcar_mmus_mspr_mcar-04
/omics/odcf/analysis/OE0538_projects/DO-0008/data/sce_objectssce_mcar_mmus_mcas_mcas-04
/omics/odcf/analysis/OE0538_projects/DO-0008/data/sce_objectssce_mcar_mcas_mmus_mmus-04
/omics/odcf/analysis/OE0538_projects/DO-0008/data/sce_objectssce_mcar_mcar_mcas_mcas-04
/omics/odcf/analysis/OE0538_projects/DO-0008/data/sce_objectssce_mcar_mcar_mspr_mcar-04
/omics/odcf/analysis/OE0538_projects/DO-0008/data/sce_objectssce_mcar_mspr_mcar_mmus-04
/omics/odcf/analysis/OE0538_projects/DO-0008/data/sce_objectssce_mcar_mspr_mcas_mmus-04
/omics/odcf/analysis/OE0538_projects/DO-0008/data/sce_objectssce_mcar_mmus_mcas_mmus-04
/omics/odcf/analysis/OE0538_projects/DO-0008/data/sce_objectssce_mcar_mmus_mcas_mcar-04
/omics/odcf/analysis/OE0538_projects/DO-0008/data/sce_objectssce_mcar_mspr_mcar_mcas-04
/omics/odcf/analysis/OE0538_projects/DO-0008/data/sce_objectssce_mcar_mcas_mspr_mmus-04
/omics/odcf/analysis/OE0538_projects/DO-0008/data/sce_objectssce_mcar_mmus_mmus_mmus-04
/omics/odcf/analysis/OE0538_projects/DO-0008/data/sce_objectssce_mcar_mcar_mcar_mcas-04
/omics/odcf/analysis/OE0538_projects/DO-0008/data/sce_objectssce_mcar_mcar_mcar_mmus-04
/omics/odcf/analysis/OE0538_projects/DO-0008/data/sce_objectssce_mcar_mcas_mmus_mspr-04
/omics/odcf/analysis/OE0538_projects/DO-0008/data/sce_objectssce_mcar_mspr_mmus_mspr-04
/omics/odcf/analysis/OE0538_projects/DO-0008/data/sce_objectssce_mcar_mmus_mmus_mcas-04
/omics/odcf/analysis/OE0538_projects/DO-0008/data/sce_objectssce_mcar_mcas_mcar_mspr-04
/omics/odcf/analysis/OE0538_projects/DO-0008/data/sce_objectssce_mcar_mmus_mcar_mcar-04
/omics/odcf/analysis/OE0538_projects/DO-0008/data/sce_objectssce_mcar_mcar_mmus_mcar-04
/omics/odcf/analysis/OE0538_projects/DO-0008/data/sce_objectssce_mcar_mspr_mcas_mspr-04
/omics/odcf/analysis/OE0538_projects/DO-0008/data/sce_objectssce_mcar_mmus_mmus_mcar-04
/omics/odcf/analysis/OE0538_projects/DO-0008/data/sce_objectssce_mcar_mmus_mspr_mcas-04
/omics/odcf/analysis/OE0538_projects/DO-0008/data/sce_objectssce_mcar_mspr_mmus_mcas-04
/omics/odcf/analysis/OE0538_projects/DO-0008/data/sce_objectssce_mcar_mspr_mspr_mspr-04
/omics/odcf/analysis/OE0538_projects/DO-0008/data/sce_objectssce_mcar_mspr_mcas_mcar-04
