Building DAG of jobs...
Using shell: /usr/bin/bash
Provided cores: 4
Rules claiming more threads will be scaled down.
Job stats:
job                       count    min threads    max threads
----------------------  -------  -------------  -------------
all                           1              1              1
merge_datasets_species        4              1              1
total                         5              1              1

Select jobs to execute...

[Mon Oct 24 23:27:56 2022]
rule merge_datasets_species:
    input: /omics/odcf/analysis/OE0538_projects/DO-0008/data/sce_objects/04_norm/mcar
    output: /omics/odcf/analysis/OE0538_projects/DO-0008/data/sce_objects/06_mrge/sce_mcar-06
    jobid: 1
    wildcards: species=mcar
    resources: tmpdir=/tmp

[Mon Oct 24 23:27:56 2022]
rule merge_datasets_species:
    input: /omics/odcf/analysis/OE0538_projects/DO-0008/data/sce_objects/04_norm/mcas
    output: /omics/odcf/analysis/OE0538_projects/DO-0008/data/sce_objects/06_mrge/sce_mcas-06
    jobid: 2
    wildcards: species=mcas
    resources: tmpdir=/tmp

[Mon Oct 24 23:27:56 2022]
rule merge_datasets_species:
    input: /omics/odcf/analysis/OE0538_projects/DO-0008/data/sce_objects/04_norm/mspr
    output: /omics/odcf/analysis/OE0538_projects/DO-0008/data/sce_objects/06_mrge/sce_mspr-06
    jobid: 4
    wildcards: species=mspr
    resources: tmpdir=/tmp

[Mon Oct 24 23:27:56 2022]
rule merge_datasets_species:
    input: /omics/odcf/analysis/OE0538_projects/DO-0008/data/sce_objects/04_norm/mmus
    output: /omics/odcf/analysis/OE0538_projects/DO-0008/data/sce_objects/06_mrge/sce_mmus-06
    jobid: 3
    wildcards: species=mmus
    resources: tmpdir=/tmp

[Mon Oct 24 23:28:42 2022]
Finished job 4.
1 of 5 steps (20%) done
[Mon Oct 24 23:28:53 2022]
Finished job 2.
2 of 5 steps (40%) done
[Mon Oct 24 23:28:54 2022]
Finished job 3.
3 of 5 steps (60%) done
[Mon Oct 24 23:29:02 2022]
Finished job 1.
4 of 5 steps (80%) done
Select jobs to execute...

[Mon Oct 24 23:29:02 2022]
localrule all:
    input: /omics/odcf/analysis/OE0538_projects/DO-0008/data/sce_objects/06_mrge/sce_mcar-06, /omics/odcf/analysis/OE0538_projects/DO-0008/data/sce_objects/06_mrge/sce_mcas-06, /omics/odcf/analysis/OE0538_projects/DO-0008/data/sce_objects/06_mrge/sce_mmus-06, /omics/odcf/analysis/OE0538_projects/DO-0008/data/sce_objects/06_mrge/sce_mspr-06
    jobid: 0
    resources: tmpdir=/tmp

[Mon Oct 24 23:29:02 2022]
Finished job 0.
5 of 5 steps (100%) done
Complete log: /home/l012t/repositories/Interspecies_BM_phd/code/03_integration/.snakemake/log/2022-10-24T232753.754267.snakemake.log
