Building DAG of jobs...
Using shell: /usr/bin/bash
Provided cluster nodes: 12
Job stats:
job                     count    min threads    max threads
--------------------  -------  -------------  -------------
all                         1              1              1
cell_type_annotation        5              1              1
renormalize                 5              1              1
run_mnncorrect              5              1              1
total                      16              1              1

Select jobs to execute...

[Tue Oct 25 22:55:51 2022]
rule cell_type_annotation:
    input: /omics/odcf/analysis/OE0538_projects/DO-0008/data/sce_objects/06_mrge/sce_all-06
    output: /omics/odcf/analysis/OE0538_projects/DO-0008/data/sce_objects/07_ctyp/sce_all-07
    jobid: 17
    wildcards: species=all
    resources: tmpdir=/tmp

Submitted job 17 with external jobid 'Job <16939960> is submitted to queue <verylong>.'.

[Tue Oct 25 22:55:51 2022]
rule cell_type_annotation:
    input: /omics/odcf/analysis/OE0538_projects/DO-0008/data/sce_objects/06_mrge/sce_mmus-06
    output: /omics/odcf/analysis/OE0538_projects/DO-0008/data/sce_objects/07_ctyp/sce_mmus-07
    jobid: 11
    wildcards: species=mmus
    resources: tmpdir=/tmp

Submitted job 11 with external jobid 'Job <16939961> is submitted to queue <verylong>.'.

[Tue Oct 25 22:55:51 2022]
rule cell_type_annotation:
    input: /omics/odcf/analysis/OE0538_projects/DO-0008/data/sce_objects/06_mrge/sce_mspr-06
    output: /omics/odcf/analysis/OE0538_projects/DO-0008/data/sce_objects/07_ctyp/sce_mspr-07
    jobid: 14
    wildcards: species=mspr
    resources: tmpdir=/tmp

Submitted job 14 with external jobid 'Job <16939962> is submitted to queue <verylong>.'.

[Tue Oct 25 22:55:51 2022]
rule cell_type_annotation:
    input: /omics/odcf/analysis/OE0538_projects/DO-0008/data/sce_objects/06_mrge/sce_mcar-06
    output: /omics/odcf/analysis/OE0538_projects/DO-0008/data/sce_objects/07_ctyp/sce_mcar-07
    jobid: 5
    wildcards: species=mcar
    resources: tmpdir=/tmp

Submitted job 5 with external jobid 'Job <16939963> is submitted to queue <verylong>.'.

[Tue Oct 25 22:55:51 2022]
rule cell_type_annotation:
    input: /omics/odcf/analysis/OE0538_projects/DO-0008/data/sce_objects/06_mrge/sce_mcas-06
    output: /omics/odcf/analysis/OE0538_projects/DO-0008/data/sce_objects/07_ctyp/sce_mcas-07
    jobid: 8
    wildcards: species=mcas
    resources: tmpdir=/tmp

Submitted job 8 with external jobid 'Job <16939964> is submitted to queue <verylong>.'.
[Tue Oct 25 22:58:30 2022]
Error in rule cell_type_annotation:
    jobid: 11
    output: /omics/odcf/analysis/OE0538_projects/DO-0008/data/sce_objects/07_ctyp/sce_mmus-07
    cluster_jobid: Job <16939961> is submitted to queue <verylong>.

Error executing rule cell_type_annotation on cluster (jobid: 11, external: Job <16939961> is submitted to queue <verylong>., jobscript: /home/l012t/repositories/Interspecies_BM_phd/code/03_integration/.snakemake/tmp.rinyldim/snakejob.cell_type_annotation.11.sh). For error details see the cluster log and the log files of the involved rule(s).
[Tue Oct 25 22:58:30 2022]
Error in rule cell_type_annotation:
    jobid: 14
    output: /omics/odcf/analysis/OE0538_projects/DO-0008/data/sce_objects/07_ctyp/sce_mspr-07
    cluster_jobid: Job <16939962> is submitted to queue <verylong>.

Error executing rule cell_type_annotation on cluster (jobid: 14, external: Job <16939962> is submitted to queue <verylong>., jobscript: /home/l012t/repositories/Interspecies_BM_phd/code/03_integration/.snakemake/tmp.rinyldim/snakejob.cell_type_annotation.14.sh). For error details see the cluster log and the log files of the involved rule(s).
[Tue Oct 25 22:58:30 2022]
Error in rule cell_type_annotation:
    jobid: 5
    output: /omics/odcf/analysis/OE0538_projects/DO-0008/data/sce_objects/07_ctyp/sce_mcar-07
    cluster_jobid: Job <16939963> is submitted to queue <verylong>.

Error executing rule cell_type_annotation on cluster (jobid: 5, external: Job <16939963> is submitted to queue <verylong>., jobscript: /home/l012t/repositories/Interspecies_BM_phd/code/03_integration/.snakemake/tmp.rinyldim/snakejob.cell_type_annotation.5.sh). For error details see the cluster log and the log files of the involved rule(s).
[Tue Oct 25 22:58:30 2022]
Error in rule cell_type_annotation:
    jobid: 8
    output: /omics/odcf/analysis/OE0538_projects/DO-0008/data/sce_objects/07_ctyp/sce_mcas-07
    cluster_jobid: Job <16939964> is submitted to queue <verylong>.

Error executing rule cell_type_annotation on cluster (jobid: 8, external: Job <16939964> is submitted to queue <verylong>., jobscript: /home/l012t/repositories/Interspecies_BM_phd/code/03_integration/.snakemake/tmp.rinyldim/snakejob.cell_type_annotation.8.sh). For error details see the cluster log and the log files of the involved rule(s).
[Tue Oct 25 23:00:00 2022]
Error in rule cell_type_annotation:
    jobid: 17
    output: /omics/odcf/analysis/OE0538_projects/DO-0008/data/sce_objects/07_ctyp/sce_all-07
    cluster_jobid: Job <16939960> is submitted to queue <verylong>.

Error executing rule cell_type_annotation on cluster (jobid: 17, external: Job <16939960> is submitted to queue <verylong>., jobscript: /home/l012t/repositories/Interspecies_BM_phd/code/03_integration/.snakemake/tmp.rinyldim/snakejob.cell_type_annotation.17.sh). For error details see the cluster log and the log files of the involved rule(s).
Shutting down, this might take some time.
Exiting because a job execution failed. Look above for error message
Complete log: /home/l012t/repositories/Interspecies_BM_phd/code/03_integration/.snakemake/log/2022-10-25T225548.052581.snakemake.log
