Building DAG of jobs...
Using shell: /usr/bin/bash
Provided cluster nodes: 5
Job stats:
job                     count    min threads    max threads
--------------------  -------  -------------  -------------
all                         1              1              1
cell_type_annotation        5              1              1
renormalize                 5              1              1
run_mnncorrect              5              1              1
total                      16              1              1

Select jobs to execute...

[Fri Oct 28 17:41:22 2022]
rule cell_type_annotation:
    input: /omics/odcf/analysis/OE0538_projects/DO-0008/data/sce_objects/06_mrge/sce_all-06
    output: /omics/odcf/analysis/OE0538_projects/DO-0008/data/sce_objects/07_ctyp/sce_all-07
    jobid: 17
    wildcards: species=all
    resources: tmpdir=/tmp

Submitted job 17 with external jobid 'Job <16971053> is submitted to queue <verylong>.'.

[Fri Oct 28 17:41:22 2022]
rule cell_type_annotation:
    input: /omics/odcf/analysis/OE0538_projects/DO-0008/data/sce_objects/06_mrge/sce_mmus-06
    output: /omics/odcf/analysis/OE0538_projects/DO-0008/data/sce_objects/07_ctyp/sce_mmus-07
    jobid: 11
    wildcards: species=mmus
    resources: tmpdir=/tmp

Submitted job 11 with external jobid 'Job <16971055> is submitted to queue <verylong>.'.

[Fri Oct 28 17:41:22 2022]
rule cell_type_annotation:
    input: /omics/odcf/analysis/OE0538_projects/DO-0008/data/sce_objects/06_mrge/sce_mspr-06
    output: /omics/odcf/analysis/OE0538_projects/DO-0008/data/sce_objects/07_ctyp/sce_mspr-07
    jobid: 14
    wildcards: species=mspr
    resources: tmpdir=/tmp

Submitted job 14 with external jobid 'Job <16971056> is submitted to queue <verylong>.'.

[Fri Oct 28 17:41:23 2022]
rule cell_type_annotation:
    input: /omics/odcf/analysis/OE0538_projects/DO-0008/data/sce_objects/06_mrge/sce_mcar-06
    output: /omics/odcf/analysis/OE0538_projects/DO-0008/data/sce_objects/07_ctyp/sce_mcar-07
    jobid: 5
    wildcards: species=mcar
    resources: tmpdir=/tmp

Submitted job 5 with external jobid 'Job <16971057> is submitted to queue <verylong>.'.

[Fri Oct 28 17:41:23 2022]
rule cell_type_annotation:
    input: /omics/odcf/analysis/OE0538_projects/DO-0008/data/sce_objects/06_mrge/sce_mcas-06
    output: /omics/odcf/analysis/OE0538_projects/DO-0008/data/sce_objects/07_ctyp/sce_mcas-07
    jobid: 8
    wildcards: species=mcas
    resources: tmpdir=/tmp

Submitted job 8 with external jobid 'Job <16971058> is submitted to queue <verylong>.'.
