Building DAG of jobs...
Using shell: /usr/bin/bash
Provided cluster nodes: 4
Job stats:
job               count    min threads    max threads
--------------  -------  -------------  -------------
all                   1              1              1
renormalize           3              1              1
run_mnncorrect        3              1              1
total                 7              1              1

Select jobs to execute...

[Wed Oct 26 19:06:32 2022]
rule renormalize:
    input: /omics/odcf/analysis/OE0538_projects/DO-0008/data/sce_objects/07_ctyp/sce_all-07
    output: /omics/odcf/analysis/OE0538_projects/DO-0008/data/sce_objects/08_rnrm/sce_all_Batch_exp_day-08, /omics/odcf/analysis/OE0538_projects/DO-0008/data/sce_objects/08_rnrm/hvg_all_Batch_exp_day-08
    jobid: 19
    wildcards: species=all
    resources: tmpdir=/tmp

Submitted job 19 with external jobid 'Job <16948775> is submitted to queue <verylong>.'.

[Wed Oct 26 19:06:32 2022]
rule renormalize:
    input: /omics/odcf/analysis/OE0538_projects/DO-0008/data/sce_objects/07_ctyp/sce_mcas-07
    output: /omics/odcf/analysis/OE0538_projects/DO-0008/data/sce_objects/08_rnrm/sce_mcas_Batch_exp_day-08, /omics/odcf/analysis/OE0538_projects/DO-0008/data/sce_objects/08_rnrm/hvg_mcas_Batch_exp_day-08
    jobid: 9
    wildcards: species=mcas
    resources: tmpdir=/tmp

Submitted job 9 with external jobid 'Job <16948776> is submitted to queue <verylong>.'.

[Wed Oct 26 19:06:32 2022]
rule renormalize:
    input: /omics/odcf/analysis/OE0538_projects/DO-0008/data/sce_objects/07_ctyp/sce_mmus-07
    output: /omics/odcf/analysis/OE0538_projects/DO-0008/data/sce_objects/08_rnrm/sce_mmus_Batch_exp_day-08, /omics/odcf/analysis/OE0538_projects/DO-0008/data/sce_objects/08_rnrm/hvg_mmus_Batch_exp_day-08
    jobid: 12
    wildcards: species=mmus
    resources: tmpdir=/tmp

Submitted job 12 with external jobid 'Job <16948777> is submitted to queue <verylong>.'.
[Wed Oct 26 19:10:11 2022]
Finished job 12.
1 of 7 steps (14%) done
Select jobs to execute...

[Wed Oct 26 19:10:11 2022]
rule run_mnncorrect:
    input: /omics/odcf/analysis/OE0538_projects/DO-0008/data/sce_objects/08_rnrm/sce_mmus_Batch_exp_day-08, /omics/odcf/analysis/OE0538_projects/DO-0008/data/sce_objects/08_rnrm/hvg_mmus_Batch_exp_day-08
    output: /omics/odcf/analysis/OE0538_projects/DO-0008/data/sce_objects/09_mnncorrect/sce_mmus_Batch_exp_day-09
    jobid: 13
    wildcards: species=mmus
    resources: tmpdir=/tmp

Submitted job 13 with external jobid 'Job <16948804> is submitted to queue <verylong>.'.
[Wed Oct 26 19:10:31 2022]
Finished job 9.
2 of 7 steps (29%) done
Select jobs to execute...

[Wed Oct 26 19:10:31 2022]
rule run_mnncorrect:
    input: /omics/odcf/analysis/OE0538_projects/DO-0008/data/sce_objects/08_rnrm/sce_mcas_Batch_exp_day-08, /omics/odcf/analysis/OE0538_projects/DO-0008/data/sce_objects/08_rnrm/hvg_mcas_Batch_exp_day-08
    output: /omics/odcf/analysis/OE0538_projects/DO-0008/data/sce_objects/09_mnncorrect/sce_mcas_Batch_exp_day-09
    jobid: 10
    wildcards: species=mcas
    resources: tmpdir=/tmp

Submitted job 10 with external jobid 'Job <16948807> is submitted to queue <verylong>.'.
[Wed Oct 26 19:15:31 2022]
Finished job 13.
3 of 7 steps (43%) done
[Wed Oct 26 19:16:11 2022]
Finished job 10.
4 of 7 steps (57%) done
[Wed Oct 26 19:22:42 2022]
Finished job 19.
5 of 7 steps (71%) done
Select jobs to execute...

[Wed Oct 26 19:22:42 2022]
rule run_mnncorrect:
    input: /omics/odcf/analysis/OE0538_projects/DO-0008/data/sce_objects/08_rnrm/sce_all_Batch_exp_day-08, /omics/odcf/analysis/OE0538_projects/DO-0008/data/sce_objects/08_rnrm/hvg_all_Batch_exp_day-08
    output: /omics/odcf/analysis/OE0538_projects/DO-0008/data/sce_objects/09_mnncorrect/sce_all_Batch_exp_day-09
    jobid: 20
    wildcards: species=all
    resources: tmpdir=/tmp

Submitted job 20 with external jobid 'Job <16948827> is submitted to queue <verylong>.'.
[Wed Oct 26 19:51:44 2022]
Finished job 20.
6 of 7 steps (86%) done
Select jobs to execute...

[Wed Oct 26 19:51:44 2022]
localrule all:
    input: /omics/odcf/analysis/OE0538_projects/DO-0008/data/sce_objects/06_mrge/sce_mcar-06, /omics/odcf/analysis/OE0538_projects/DO-0008/data/sce_objects/06_mrge/sce_mcas-06, /omics/odcf/analysis/OE0538_projects/DO-0008/data/sce_objects/06_mrge/sce_mmus-06, /omics/odcf/analysis/OE0538_projects/DO-0008/data/sce_objects/06_mrge/sce_mspr-06, /omics/odcf/analysis/OE0538_projects/DO-0008/data/sce_objects/07_ctyp/sce_mcar-07, /omics/odcf/analysis/OE0538_projects/DO-0008/data/sce_objects/08_rnrm/sce_mcar_Batch_exp_day-08, /omics/odcf/analysis/OE0538_projects/DO-0008/data/sce_objects/09_mnncorrect/sce_mcar_Batch_exp_day-09, /omics/odcf/analysis/OE0538_projects/DO-0008/data/sce_objects/07_ctyp/sce_mcas-07, /omics/odcf/analysis/OE0538_projects/DO-0008/data/sce_objects/08_rnrm/sce_mcas_Batch_exp_day-08, /omics/odcf/analysis/OE0538_projects/DO-0008/data/sce_objects/09_mnncorrect/sce_mcas_Batch_exp_day-09, /omics/odcf/analysis/OE0538_projects/DO-0008/data/sce_objects/07_ctyp/sce_mmus-07, /omics/odcf/analysis/OE0538_projects/DO-0008/data/sce_objects/08_rnrm/sce_mmus_Batch_exp_day-08, /omics/odcf/analysis/OE0538_projects/DO-0008/data/sce_objects/09_mnncorrect/sce_mmus_Batch_exp_day-09, /omics/odcf/analysis/OE0538_projects/DO-0008/data/sce_objects/07_ctyp/sce_mspr-07, /omics/odcf/analysis/OE0538_projects/DO-0008/data/sce_objects/08_rnrm/sce_mspr_Batch_exp_day-08, /omics/odcf/analysis/OE0538_projects/DO-0008/data/sce_objects/09_mnncorrect/sce_mspr_Batch_exp_day-09, /omics/odcf/analysis/OE0538_projects/DO-0008/data/sce_objects/07_ctyp/sce_all-07, /omics/odcf/analysis/OE0538_projects/DO-0008/data/sce_objects/08_rnrm/sce_all_Batch_exp_day-08, /omics/odcf/analysis/OE0538_projects/DO-0008/data/sce_objects/09_mnncorrect/sce_all_Batch_exp_day-09
    jobid: 0
    resources: tmpdir=/tmp

[Wed Oct 26 19:51:44 2022]
Finished job 0.
7 of 7 steps (100%) done
Complete log: /home/l012t/repositories/Interspecies_BM_phd/code/03_integration/.snakemake/log/2022-10-26T190627.112327.snakemake.log
