Building DAG of jobs...
Using shell: /usr/bin/bash
Provided cores: 4
Rules claiming more threads will be scaled down.
Job stats:
job                       count    min threads    max threads
----------------------  -------  -------------  -------------
all                           1              1              1
merge_datasets_species        4              1              1
renormalize                   5              1              1
total                        10              1              1

Select jobs to execute...

[Mon Oct 24 21:56:38 2022]
rule merge_datasets_species:
    input: /omics/odcf/analysis/OE0538_projects/DO-0008/data/sce_objects/04_norm/mmus
    output: /omics/odcf/analysis/OE0538_projects/DO-0008/data/sce_objects/06_mrge/sce_mmus-06
    jobid: 3
    wildcards: species=mmus
    resources: tmpdir=/tmp

[Mon Oct 24 21:56:38 2022]
rule merge_datasets_species:
    input: /omics/odcf/analysis/OE0538_projects/DO-0008/data/sce_objects/04_norm/mspr
    output: /omics/odcf/analysis/OE0538_projects/DO-0008/data/sce_objects/06_mrge/sce_mspr-06
    jobid: 4
    wildcards: species=mspr
    resources: tmpdir=/tmp

[Mon Oct 24 21:56:38 2022]
rule merge_datasets_species:
    input: /omics/odcf/analysis/OE0538_projects/DO-0008/data/sce_objects/04_norm/mcas
    output: /omics/odcf/analysis/OE0538_projects/DO-0008/data/sce_objects/06_mrge/sce_mcas-06
    jobid: 2
    wildcards: species=mcas
    resources: tmpdir=/tmp

[Mon Oct 24 21:56:38 2022]
rule renormalize:
    input: /omics/odcf/analysis/OE0538_projects/DO-0008/data/sce_objects/06_mrge/sce_all-06
    output: /omics/odcf/analysis/OE0538_projects/DO-0008/data/sce_objects/07_rnrm/sce_all-07, /omics/odcf/analysis/OE0538_projects/DO-0008/data/sce_objects/07_rnrm/hvg_all-07
    jobid: 9
    wildcards: species=all
    resources: tmpdir=/tmp

[Mon Oct 24 21:57:02 2022]
Error in rule renormalize:
    jobid: 9
    output: /omics/odcf/analysis/OE0538_projects/DO-0008/data/sce_objects/07_rnrm/sce_all-07, /omics/odcf/analysis/OE0538_projects/DO-0008/data/sce_objects/07_rnrm/hvg_all-07

RuleException:
CalledProcessError in line 100 of /home/l012t/repositories/Interspecies_BM_phd/code/03_integration/integration_snakefile:
Command 'set -euo pipefail;  Rscript --vanilla /home/l012t/repositories/Interspecies_BM_phd/code/03_integration/.snakemake/scripts/tmpqdhrp0q6.07_renormalize.R' returned non-zero exit status 1.
  File "/home/l012t/repositories/Interspecies_BM_phd/code/03_integration/integration_snakefile", line 100, in __rule_renormalize
  File "/home/l012t/micromamba/envs/snakemake-tutorial/lib/python3.8/concurrent/futures/thread.py", line 57, in run
[Mon Oct 24 21:57:38 2022]
Finished job 4.
1 of 10 steps (10%) done
[Mon Oct 24 21:57:50 2022]
Finished job 2.
2 of 10 steps (20%) done
[Mon Oct 24 21:57:55 2022]
Finished job 3.
3 of 10 steps (30%) done
Shutting down, this might take some time.
Exiting because a job execution failed. Look above for error message
Complete log: /home/l012t/repositories/Interspecies_BM_phd/code/03_integration/.snakemake/log/2022-10-24T215635.501949.snakemake.log
