Building DAG of jobs...
Using shell: /usr/bin/bash
Provided cores: 4
Rules claiming more threads will be scaled down.
Job stats:
job                   count    min threads    max threads
------------------  -------  -------------  -------------
merge_datasets_all        1              1              1
total                     1              1              1

Select jobs to execute...

[Mon Oct 24 21:18:18 2022]
rule merge_datasets_all:
    input: /omics/odcf/analysis/OE0538_projects/DO-0008/data/sce_objects/04_norm/mcar, /omics/odcf/analysis/OE0538_projects/DO-0008/data/sce_objects/04_norm/mcas, /omics/odcf/analysis/OE0538_projects/DO-0008/data/sce_objects/04_norm/mmus, /omics/odcf/analysis/OE0538_projects/DO-0008/data/sce_objects/04_norm/mspr
    output: /omics/odcf/analysis/OE0538_projects/DO-0008/data/sce_objects/06_mrge/sce_all-06
    jobid: 5
    resources: tmpdir=/tmp

[Mon Oct 24 21:21:56 2022]
Finished job 5.
1 of 1 steps (100%) done
Complete log: /home/l012t/repositories/Interspecies_BM_phd/code/03_integration/.snakemake/log/2022-10-24T211816.050992.snakemake.log
