Building DAG of jobs...
Using shell: /usr/bin/bash
Provided cores: 4
Rules claiming more threads will be scaled down.
Job stats:
job                       count    min threads    max threads
----------------------  -------  -------------  -------------
all                           1              1              1
merge_datasets_species        4              1              1
total                         5              1              1

Select jobs to execute...

[Mon Oct 24 23:17:13 2022]
rule merge_datasets_species:
    input: /omics/odcf/analysis/OE0538_projects/DO-0008/data/sce_objects/04_norm/mcar
    output: /omics/odcf/analysis/OE0538_projects/DO-0008/data/sce_objects/06_mrge/sce_mcar-06
    jobid: 1
    wildcards: species=mcar
    resources: tmpdir=/tmp

[Mon Oct 24 23:17:14 2022]
rule merge_datasets_species:
    input: /omics/odcf/analysis/OE0538_projects/DO-0008/data/sce_objects/04_norm/mcas
    output: /omics/odcf/analysis/OE0538_projects/DO-0008/data/sce_objects/06_mrge/sce_mcas-06
    jobid: 2
    wildcards: species=mcas
    resources: tmpdir=/tmp

[Mon Oct 24 23:17:14 2022]
rule merge_datasets_species:
    input: /omics/odcf/analysis/OE0538_projects/DO-0008/data/sce_objects/04_norm/mmus
    output: /omics/odcf/analysis/OE0538_projects/DO-0008/data/sce_objects/06_mrge/sce_mmus-06
    jobid: 3
    wildcards: species=mmus
    resources: tmpdir=/tmp

[Mon Oct 24 23:17:14 2022]
rule merge_datasets_species:
    input: /omics/odcf/analysis/OE0538_projects/DO-0008/data/sce_objects/04_norm/mspr
    output: /omics/odcf/analysis/OE0538_projects/DO-0008/data/sce_objects/06_mrge/sce_mspr-06
    jobid: 4
    wildcards: species=mspr
    resources: tmpdir=/tmp

Waiting at most 5 seconds for missing files.
MissingOutputException in line 56 of /home/l012t/repositories/Interspecies_BM_phd/code/03_integration/integration_snakefile:
Job Missing files after 5 seconds:
/omics/odcf/analysis/OE0538_projects/DO-0008/data/sce_objects/06_mrge/sce_mspr-06
This might be due to filesystem latency. If that is the case, consider to increase the wait time with --latency-wait.
Job id: 4 completed successfully, but some output files are missing. 4
Waiting at most 5 seconds for missing files.
MissingOutputException in line 56 of /home/l012t/repositories/Interspecies_BM_phd/code/03_integration/integration_snakefile:
Job Missing files after 5 seconds:
/omics/odcf/analysis/OE0538_projects/DO-0008/data/sce_objects/06_mrge/sce_mspr-06
This might be due to filesystem latency. If that is the case, consider to increase the wait time with --latency-wait.
Job id: 4 completed successfully, but some output files are missing. 4
