Building DAG of jobs...
Using shell: /usr/bin/bash
Provided cores: 4
Rules claiming more threads will be scaled down.
Job stats:
job            count    min threads    max threads
-----------  -------  -------------  -------------
all                1              1              1
renormalize        5              1              1
total              6              1              1

Select jobs to execute...

[Mon Oct 24 21:53:33 2022]
rule renormalize:
    input: /omics/odcf/analysis/OE0538_projects/DO-0008/data/sce_objects/06_mrge/sce_mcar-06
    output: /omics/odcf/analysis/OE0538_projects/DO-0008/data/sce_objects/07_rnrm/sce_mcar-07, /omics/odcf/analysis/OE0538_projects/DO-0008/data/sce_objects/07_rnrm/hvg_mcar-07
    jobid: 5
    wildcards: species=mcar
    resources: tmpdir=/tmp

[Mon Oct 24 21:53:33 2022]
rule renormalize:
    input: /omics/odcf/analysis/OE0538_projects/DO-0008/data/sce_objects/06_mrge/sce_all-06
    output: /omics/odcf/analysis/OE0538_projects/DO-0008/data/sce_objects/07_rnrm/sce_all-07, /omics/odcf/analysis/OE0538_projects/DO-0008/data/sce_objects/07_rnrm/hvg_all-07
    jobid: 9
    wildcards: species=all
    resources: tmpdir=/tmp

[Mon Oct 24 21:53:33 2022]
rule renormalize:
    input: /omics/odcf/analysis/OE0538_projects/DO-0008/data/sce_objects/06_mrge/sce_mmus-06
    output: /omics/odcf/analysis/OE0538_projects/DO-0008/data/sce_objects/07_rnrm/sce_mmus-07, /omics/odcf/analysis/OE0538_projects/DO-0008/data/sce_objects/07_rnrm/hvg_mmus-07
    jobid: 7
    wildcards: species=mmus
    resources: tmpdir=/tmp

[Mon Oct 24 21:53:33 2022]
rule renormalize:
    input: /omics/odcf/analysis/OE0538_projects/DO-0008/data/sce_objects/06_mrge/sce_mcas-06
    output: /omics/odcf/analysis/OE0538_projects/DO-0008/data/sce_objects/07_rnrm/sce_mcas-07, /omics/odcf/analysis/OE0538_projects/DO-0008/data/sce_objects/07_rnrm/hvg_mcas-07
    jobid: 6
    wildcards: species=mcas
    resources: tmpdir=/tmp

[Mon Oct 24 21:53:55 2022]
Error in rule renormalize:
    jobid: 6
    output: /omics/odcf/analysis/OE0538_projects/DO-0008/data/sce_objects/07_rnrm/sce_mcas-07, /omics/odcf/analysis/OE0538_projects/DO-0008/data/sce_objects/07_rnrm/hvg_mcas-07

RuleException:
CalledProcessError in line 100 of /home/l012t/repositories/Interspecies_BM_phd/code/03_integration/integration_snakefile:
Command 'set -euo pipefail;  Rscript --vanilla /home/l012t/repositories/Interspecies_BM_phd/code/03_integration/.snakemake/scripts/tmpzbo4r35c.07_renormalize.R' returned non-zero exit status 1.
  File "/home/l012t/repositories/Interspecies_BM_phd/code/03_integration/integration_snakefile", line 100, in __rule_renormalize
  File "/home/l012t/micromamba/envs/snakemake-tutorial/lib/python3.8/concurrent/futures/thread.py", line 57, in run
[Mon Oct 24 21:53:56 2022]
Error in rule renormalize:
    jobid: 7
    output: /omics/odcf/analysis/OE0538_projects/DO-0008/data/sce_objects/07_rnrm/sce_mmus-07, /omics/odcf/analysis/OE0538_projects/DO-0008/data/sce_objects/07_rnrm/hvg_mmus-07

RuleException:
CalledProcessError in line 100 of /home/l012t/repositories/Interspecies_BM_phd/code/03_integration/integration_snakefile:
Command 'set -euo pipefail;  Rscript --vanilla /home/l012t/repositories/Interspecies_BM_phd/code/03_integration/.snakemake/scripts/tmpunenlack.07_renormalize.R' returned non-zero exit status 1.
  File "/home/l012t/repositories/Interspecies_BM_phd/code/03_integration/integration_snakefile", line 100, in __rule_renormalize
  File "/home/l012t/micromamba/envs/snakemake-tutorial/lib/python3.8/concurrent/futures/thread.py", line 57, in run
[Mon Oct 24 21:53:56 2022]
Error in rule renormalize:
    jobid: 5
    output: /omics/odcf/analysis/OE0538_projects/DO-0008/data/sce_objects/07_rnrm/sce_mcar-07, /omics/odcf/analysis/OE0538_projects/DO-0008/data/sce_objects/07_rnrm/hvg_mcar-07

RuleException:
CalledProcessError in line 100 of /home/l012t/repositories/Interspecies_BM_phd/code/03_integration/integration_snakefile:
Command 'set -euo pipefail;  Rscript --vanilla /home/l012t/repositories/Interspecies_BM_phd/code/03_integration/.snakemake/scripts/tmpi89q2a83.07_renormalize.R' returned non-zero exit status 1.
  File "/home/l012t/repositories/Interspecies_BM_phd/code/03_integration/integration_snakefile", line 100, in __rule_renormalize
  File "/home/l012t/micromamba/envs/snakemake-tutorial/lib/python3.8/concurrent/futures/thread.py", line 57, in run
[Mon Oct 24 21:53:59 2022]
Error in rule renormalize:
    jobid: 9
    output: /omics/odcf/analysis/OE0538_projects/DO-0008/data/sce_objects/07_rnrm/sce_all-07, /omics/odcf/analysis/OE0538_projects/DO-0008/data/sce_objects/07_rnrm/hvg_all-07

RuleException:
CalledProcessError in line 100 of /home/l012t/repositories/Interspecies_BM_phd/code/03_integration/integration_snakefile:
Command 'set -euo pipefail;  Rscript --vanilla /home/l012t/repositories/Interspecies_BM_phd/code/03_integration/.snakemake/scripts/tmpi61_g107.07_renormalize.R' returned non-zero exit status 1.
  File "/home/l012t/repositories/Interspecies_BM_phd/code/03_integration/integration_snakefile", line 100, in __rule_renormalize
  File "/home/l012t/micromamba/envs/snakemake-tutorial/lib/python3.8/concurrent/futures/thread.py", line 57, in run
Shutting down, this might take some time.
Exiting because a job execution failed. Look above for error message
Complete log: /home/l012t/repositories/Interspecies_BM_phd/code/03_integration/.snakemake/log/2022-10-24T215329.695895.snakemake.log
