Building DAG of jobs...
Using shell: /usr/bin/bash
Provided cluster nodes: 12
Job stats:
job                    count    min threads    max threads
-------------------  -------  -------------  -------------
all                        1              1              1
make_summary_report        1              1              1
total                      2              1              1

Select jobs to execute...

[Wed Oct 26 21:57:11 2022]
rule make_summary_report:
    input: /omics/odcf/analysis/OE0538_projects/DO-0008/data/sce_objects/07_ctyp, /omics/odcf/analysis/OE0538_projects/DO-0008/data/sce_objects/08_rnrm, /omics/odcf/analysis/OE0538_projects/DO-0008/data/sce_objects/09_mnncorrect
    output: /omics/odcf/analysis/OE0538_projects/DO-0008/data/sce_objects/reports/integration/integration_summary.html
    jobid: 21
    resources: tmpdir=/tmp

Submitted job 21 with external jobid 'Job <16949151> is submitted to queue <verylong>.'.
[Wed Oct 26 22:43:54 2022]
Finished job 21.
1 of 2 steps (50%) done
Select jobs to execute...

[Wed Oct 26 22:43:54 2022]
localrule all:
    input: /omics/odcf/analysis/OE0538_projects/DO-0008/data/sce_objects/06_mrge/sce_mcar-06, /omics/odcf/analysis/OE0538_projects/DO-0008/data/sce_objects/06_mrge/sce_mcas-06, /omics/odcf/analysis/OE0538_projects/DO-0008/data/sce_objects/06_mrge/sce_mmus-06, /omics/odcf/analysis/OE0538_projects/DO-0008/data/sce_objects/06_mrge/sce_mspr-06, /omics/odcf/analysis/OE0538_projects/DO-0008/data/sce_objects/07_ctyp/sce_mcar-07, /omics/odcf/analysis/OE0538_projects/DO-0008/data/sce_objects/08_rnrm/sce_mcar_Batch_exp_day-08, /omics/odcf/analysis/OE0538_projects/DO-0008/data/sce_objects/09_mnncorrect/sce_mcar_Batch_exp_day-09, /omics/odcf/analysis/OE0538_projects/DO-0008/data/sce_objects/07_ctyp/sce_mcas-07, /omics/odcf/analysis/OE0538_projects/DO-0008/data/sce_objects/08_rnrm/sce_mcas_Batch_exp_day-08, /omics/odcf/analysis/OE0538_projects/DO-0008/data/sce_objects/09_mnncorrect/sce_mcas_Batch_exp_day-09, /omics/odcf/analysis/OE0538_projects/DO-0008/data/sce_objects/07_ctyp/sce_mmus-07, /omics/odcf/analysis/OE0538_projects/DO-0008/data/sce_objects/08_rnrm/sce_mmus_Batch_exp_day-08, /omics/odcf/analysis/OE0538_projects/DO-0008/data/sce_objects/09_mnncorrect/sce_mmus_Batch_exp_day-09, /omics/odcf/analysis/OE0538_projects/DO-0008/data/sce_objects/07_ctyp/sce_mspr-07, /omics/odcf/analysis/OE0538_projects/DO-0008/data/sce_objects/08_rnrm/sce_mspr_Batch_exp_day-08, /omics/odcf/analysis/OE0538_projects/DO-0008/data/sce_objects/09_mnncorrect/sce_mspr_Batch_exp_day-09, /omics/odcf/analysis/OE0538_projects/DO-0008/data/sce_objects/07_ctyp/sce_all-07, /omics/odcf/analysis/OE0538_projects/DO-0008/data/sce_objects/08_rnrm/sce_all_Batch_exp_day-08, /omics/odcf/analysis/OE0538_projects/DO-0008/data/sce_objects/09_mnncorrect/sce_all_Batch_exp_day-09, /omics/odcf/analysis/OE0538_projects/DO-0008/data/sce_objects/reports/integration/integration_summary.html
    jobid: 0
    resources: tmpdir=/tmp

[Wed Oct 26 22:43:54 2022]
Finished job 0.
2 of 2 steps (100%) done
Complete log: /home/l012t/repositories/Interspecies_BM_phd/code/03_integration/.snakemake/log/2022-10-26T215707.695236.snakemake.log
