Building DAG of jobs...
Using shell: /usr/bin/bash
Provided cluster nodes: 5
Job stats:
job               count    min threads    max threads
--------------  -------  -------------  -------------
all                   1              1              1
renormalize           5              1              1
run_mnncorrect        5              1              1
total                11              1              1

Select jobs to execute...

[Tue Oct 25 14:31:33 2022]
rule renormalize:
    input: /omics/odcf/analysis/OE0538_projects/DO-0008/data/sce_objects/06_mrge/sce_all-06
    output: /omics/odcf/analysis/OE0538_projects/DO-0008/data/sce_objects/07_rnrm/sce_all-07, /omics/odcf/analysis/OE0538_projects/DO-0008/data/sce_objects/07_rnrm/hvg_all-07
    jobid: 13
    wildcards: species=all
    resources: tmpdir=/tmp

Submitted job 13 with external jobid 'Job <16937228> is submitted to queue <verylong>.'.

[Tue Oct 25 14:31:33 2022]
rule renormalize:
    input: /omics/odcf/analysis/OE0538_projects/DO-0008/data/sce_objects/06_mrge/sce_mcas-06
    output: /omics/odcf/analysis/OE0538_projects/DO-0008/data/sce_objects/07_rnrm/sce_mcas-07, /omics/odcf/analysis/OE0538_projects/DO-0008/data/sce_objects/07_rnrm/hvg_mcas-07
    jobid: 7
    wildcards: species=mcas
    resources: tmpdir=/tmp

Submitted job 7 with external jobid 'Job <16937229> is submitted to queue <verylong>.'.

[Tue Oct 25 14:31:33 2022]
rule renormalize:
    input: /omics/odcf/analysis/OE0538_projects/DO-0008/data/sce_objects/06_mrge/sce_mmus-06
    output: /omics/odcf/analysis/OE0538_projects/DO-0008/data/sce_objects/07_rnrm/sce_mmus-07, /omics/odcf/analysis/OE0538_projects/DO-0008/data/sce_objects/07_rnrm/hvg_mmus-07
    jobid: 9
    wildcards: species=mmus
    resources: tmpdir=/tmp

Submitted job 9 with external jobid 'Job <16937230> is submitted to queue <verylong>.'.

[Tue Oct 25 14:31:33 2022]
rule renormalize:
    input: /omics/odcf/analysis/OE0538_projects/DO-0008/data/sce_objects/06_mrge/sce_mspr-06
    output: /omics/odcf/analysis/OE0538_projects/DO-0008/data/sce_objects/07_rnrm/sce_mspr-07, /omics/odcf/analysis/OE0538_projects/DO-0008/data/sce_objects/07_rnrm/hvg_mspr-07
    jobid: 11
    wildcards: species=mspr
    resources: tmpdir=/tmp

Submitted job 11 with external jobid 'Job <16937231> is submitted to queue <verylong>.'.

[Tue Oct 25 14:31:34 2022]
rule renormalize:
    input: /omics/odcf/analysis/OE0538_projects/DO-0008/data/sce_objects/06_mrge/sce_mcar-06
    output: /omics/odcf/analysis/OE0538_projects/DO-0008/data/sce_objects/07_rnrm/sce_mcar-07, /omics/odcf/analysis/OE0538_projects/DO-0008/data/sce_objects/07_rnrm/hvg_mcar-07
    jobid: 5
    wildcards: species=mcar
    resources: tmpdir=/tmp

Submitted job 5 with external jobid 'Job <16937232> is submitted to queue <verylong>.'.
[Tue Oct 25 14:33:13 2022]
Error in rule renormalize:
    jobid: 7
    output: /omics/odcf/analysis/OE0538_projects/DO-0008/data/sce_objects/07_rnrm/sce_mcas-07, /omics/odcf/analysis/OE0538_projects/DO-0008/data/sce_objects/07_rnrm/hvg_mcas-07
    cluster_jobid: Job <16937229> is submitted to queue <verylong>.

Error executing rule renormalize on cluster (jobid: 7, external: Job <16937229> is submitted to queue <verylong>., jobscript: /home/l012t/repositories/Interspecies_BM_phd/code/03_integration/.snakemake/tmp.ngvzds2i/snakejob.renormalize.7.sh). For error details see the cluster log and the log files of the involved rule(s).
[Tue Oct 25 14:33:53 2022]
Error in rule renormalize:
    jobid: 11
    output: /omics/odcf/analysis/OE0538_projects/DO-0008/data/sce_objects/07_rnrm/sce_mspr-07, /omics/odcf/analysis/OE0538_projects/DO-0008/data/sce_objects/07_rnrm/hvg_mspr-07
    cluster_jobid: Job <16937231> is submitted to queue <verylong>.

Error executing rule renormalize on cluster (jobid: 11, external: Job <16937231> is submitted to queue <verylong>., jobscript: /home/l012t/repositories/Interspecies_BM_phd/code/03_integration/.snakemake/tmp.ngvzds2i/snakejob.renormalize.11.sh). For error details see the cluster log and the log files of the involved rule(s).
[Tue Oct 25 14:35:33 2022]
Error in rule renormalize:
    jobid: 9
    output: /omics/odcf/analysis/OE0538_projects/DO-0008/data/sce_objects/07_rnrm/sce_mmus-07, /omics/odcf/analysis/OE0538_projects/DO-0008/data/sce_objects/07_rnrm/hvg_mmus-07
    cluster_jobid: Job <16937230> is submitted to queue <verylong>.

Error executing rule renormalize on cluster (jobid: 9, external: Job <16937230> is submitted to queue <verylong>., jobscript: /home/l012t/repositories/Interspecies_BM_phd/code/03_integration/.snakemake/tmp.ngvzds2i/snakejob.renormalize.9.sh). For error details see the cluster log and the log files of the involved rule(s).
[Tue Oct 25 14:37:13 2022]
Error in rule renormalize:
    jobid: 13
    output: /omics/odcf/analysis/OE0538_projects/DO-0008/data/sce_objects/07_rnrm/sce_all-07, /omics/odcf/analysis/OE0538_projects/DO-0008/data/sce_objects/07_rnrm/hvg_all-07
    cluster_jobid: Job <16937228> is submitted to queue <verylong>.

Error executing rule renormalize on cluster (jobid: 13, external: Job <16937228> is submitted to queue <verylong>., jobscript: /home/l012t/repositories/Interspecies_BM_phd/code/03_integration/.snakemake/tmp.ngvzds2i/snakejob.renormalize.13.sh). For error details see the cluster log and the log files of the involved rule(s).
[Tue Oct 25 14:37:13 2022]
Error in rule renormalize:
    jobid: 5
    output: /omics/odcf/analysis/OE0538_projects/DO-0008/data/sce_objects/07_rnrm/sce_mcar-07, /omics/odcf/analysis/OE0538_projects/DO-0008/data/sce_objects/07_rnrm/hvg_mcar-07
    cluster_jobid: Job <16937232> is submitted to queue <verylong>.

Error executing rule renormalize on cluster (jobid: 5, external: Job <16937232> is submitted to queue <verylong>., jobscript: /home/l012t/repositories/Interspecies_BM_phd/code/03_integration/.snakemake/tmp.ngvzds2i/snakejob.renormalize.5.sh). For error details see the cluster log and the log files of the involved rule(s).
Shutting down, this might take some time.
Exiting because a job execution failed. Look above for error message
Complete log: /home/l012t/repositories/Interspecies_BM_phd/code/03_integration/.snakemake/log/2022-10-25T143130.897235.snakemake.log
