Building DAG of jobs...
Using shell: /usr/bin/bash
Provided cores: 4
Rules claiming more threads will be scaled down.
Job stats:
job            count    min threads    max threads
-----------  -------  -------------  -------------
all                1              1              1
renormalize        5              1              1
total              6              1              1

Select jobs to execute...

[Mon Oct 24 21:30:34 2022]
rule renormalize:
    input: /omics/odcf/analysis/OE0538_projects/DO-0008/data/sce_objects/06_mrge/sce_mcar-06
    output: /omics/odcf/analysis/OE0538_projects/DO-0008/data/sce_objects/07_rnrm/sce_mcar-07
    jobid: 5
    wildcards: species=mcar
    resources: tmpdir=/tmp

[Mon Oct 24 21:30:34 2022]
rule renormalize:
    input: /omics/odcf/analysis/OE0538_projects/DO-0008/data/sce_objects/06_mrge/sce_all-06
    output: /omics/odcf/analysis/OE0538_projects/DO-0008/data/sce_objects/07_rnrm/sce_all-07
    jobid: 9
    wildcards: species=all
    resources: tmpdir=/tmp

[Mon Oct 24 21:30:34 2022]
rule renormalize:
    input: /omics/odcf/analysis/OE0538_projects/DO-0008/data/sce_objects/06_mrge/sce_mmus-06
    output: /omics/odcf/analysis/OE0538_projects/DO-0008/data/sce_objects/07_rnrm/sce_mmus-07
    jobid: 7
    wildcards: species=mmus
    resources: tmpdir=/tmp

[Mon Oct 24 21:30:34 2022]
rule renormalize:
    input: /omics/odcf/analysis/OE0538_projects/DO-0008/data/sce_objects/06_mrge/sce_mcas-06
    output: /omics/odcf/analysis/OE0538_projects/DO-0008/data/sce_objects/07_rnrm/sce_mcas-07
    jobid: 6
    wildcards: species=mcas
    resources: tmpdir=/tmp

Waiting at most 5 seconds for missing files.
MissingOutputException in line 89 of /home/l012t/repositories/Interspecies_BM_phd/code/03_integration/integration_snakefile:
Job Missing files after 5 seconds:
/omics/odcf/analysis/OE0538_projects/DO-0008/data/sce_objects/07_rnrm/sce_all-07
This might be due to filesystem latency. If that is the case, consider to increase the wait time with --latency-wait.
Job id: 9 completed successfully, but some output files are missing. 9
Waiting at most 5 seconds for missing files.
MissingOutputException in line 89 of /home/l012t/repositories/Interspecies_BM_phd/code/03_integration/integration_snakefile:
Job Missing files after 5 seconds:
/omics/odcf/analysis/OE0538_projects/DO-0008/data/sce_objects/07_rnrm/sce_all-07
This might be due to filesystem latency. If that is the case, consider to increase the wait time with --latency-wait.
Job id: 9 completed successfully, but some output files are missing. 9
